<?xml version="1.0" encoding="UTF-8"?>
<!-- Generated by org.testng.reporters.JUnitXMLReporter -->
<testsuite ignored="0" hostname="DESKTOP-D337UPD" failures="0" tests="3" name="Surefire test" time="12.567" errors="0" timestamp="2024-09-11T13:15:02 IST">
  <testcase classname="com.practice.NewTest" name="removeButtonValidation_1" time="5.149"/>
  <testcase classname="com.practice.NewTest" name="removeButtonValidation_2" time="3.29"/>
  <testcase classname="com.tests.LoginTest" name="LoginWithValidCredential" time="1.481"/>
</testsuite> <!-- Surefire test -->
