<?xml version="1.0" encoding="UTF-8"?>
<!-- Generated by org.testng.reporters.JUnitXMLReporter -->
<testsuite ignored="0" hostname="DESKTOP-D337UPD" failures="0" tests="3" name="MyTests" time="16.806" errors="0" timestamp="2024-09-11T13:07:42 IST">
  <testcase classname="com.practice.NewTest" name="removeButtonValidation_2" time="15.155"/>
  <testcase classname="com.tests.LoginTest" name="LoginWithValidCredential" time="1.582"/>
  <testcase classname="com.practice.NewTest" name="removeButtonValidation_1" time="16.683"/>
</testsuite> <!-- MyTests -->
