<?xml version="1.0" encoding="UTF-8"?>
<!-- Generated by org.testng.reporters.JUnitXMLReporter -->
<testsuite ignored="14" hostname="DESKTOP-D337UPD" failures="0" tests="1" name="Default test" time="7.347" errors="0" timestamp="2024-09-15T16:37:08 IST">
  <testcase classname="com.practice.NewTest" name="geoLocationTest_1" time="7.194"/>
  <testcase classname="com.practice.NewTest" name="fileUploadTest_3" time="0.0">
    <ignored/>
  </testcase> <!-- fileUploadTest_3 -->
  <testcase classname="com.practice.NewTest" name="fileUploadTest_1" time="0.0">
    <ignored/>
  </testcase> <!-- fileUploadTest_1 -->
  <testcase classname="com.practice.NewTest" name="fileUploadTest_2" time="0.0">
    <ignored/>
  </testcase> <!-- fileUploadTest_2 -->
  <testcase classname="com.practice.NewTest" name="TestWaitingPeriod_3" time="0.0">
    <ignored/>
  </testcase> <!-- TestWaitingPeriod_3 -->
  <testcase classname="com.practice.NewTest" name="TestIframe_1" time="0.0">
    <ignored/>
  </testcase> <!-- TestIframe_1 -->
  <testcase classname="com.practice.NewTest" name="infiniteScroll_1" time="0.0">
    <ignored/>
  </testcase> <!-- infiniteScroll_1 -->
  <testcase classname="com.practice.NewTest" name="MultiWindow_1" time="0.0">
    <ignored/>
  </testcase> <!-- MultiWindow_1 -->
  <testcase classname="com.practice.NewTest" name="amazonAddToCart_1" time="0.0">
    <ignored/>
  </testcase> <!-- amazonAddToCart_1 -->
  <testcase classname="com.practice.NewTest" name="removeButtonValidation_2" time="0.0">
    <ignored/>
  </testcase> <!-- removeButtonValidation_2 -->
  <testcase classname="com.practice.NewTest" name="ScrollToView_1" time="0.0">
    <ignored/>
  </testcase> <!-- ScrollToView_1 -->
  <testcase classname="com.practice.NewTest" name="removeButtonValidation_1" time="0.0">
    <ignored/>
  </testcase> <!-- removeButtonValidation_1 -->
  <testcase classname="com.practice.NewTest" name="TestWaitingPeriod_2" time="0.0">
    <ignored/>
  </testcase> <!-- TestWaitingPeriod_2 -->
  <testcase classname="com.practice.NewTest" name="enable_disable_element_test_1" time="0.0">
    <ignored/>
  </testcase> <!-- enable_disable_element_test_1 -->
  <testcase classname="com.practice.NewTest" name="TestWaitingPeriod_1" time="0.0">
    <ignored/>
  </testcase> <!-- TestWaitingPeriod_1 -->
</testsuite> <!-- Default test -->
