<?xml version="1.0" encoding="UTF-8"?>
<testng-results ignored="0" total="2" passed="2" failed="0" skipped="0">
  <reporter-output>
  </reporter-output>
  <suite started-at="2024-09-16T20:42:46 IST" name="Default suite" finished-at="2024-09-16T20:43:06 IST" duration-ms="20421">
    <groups>
    </groups>
    <test started-at="2024-09-16T20:42:46 IST" name="Default test" finished-at="2024-09-16T20:43:06 IST" duration-ms="20421">
      <class name="com.tests.LoginTest">
        <test-method is-config="true" signature="setUp()[pri:0, instance:com.tests.LoginTest@2cb4893b]" started-at="2024-09-16T20:42:46 IST" name="setUp" finished-at="2024-09-16T20:42:54 IST" duration-ms="8431" status="PASS">
          <reporter-output>
          </reporter-output>
        </test-method> <!-- setUp -->
        <test-method signature="LoginCheck(java.lang.String,java.lang.String)[pri:0, instance:com.tests.LoginTest@2cb4893b]" started-at="2024-09-16T20:42:54 IST" name="LoginCheck" data-provider="loginDataProvider" finished-at="2024-09-16T20:42:56 IST" duration-ms="1799" status="PASS">
          <params>
            <param index="0">
              <value>
                <![CDATA[ssdac]]>
              </value>
            </param>
            <param index="1">
              <value>
                <![CDATA[pwd]]>
              </value>
            </param>
          </params>
          <reporter-output>
          </reporter-output>
        </test-method> <!-- LoginCheck -->
        <test-method is-config="true" signature="tearDown()[pri:0, instance:com.tests.LoginTest@2cb4893b]" started-at="2024-09-16T20:42:56 IST" name="tearDown" finished-at="2024-09-16T20:42:58 IST" duration-ms="1977" status="PASS">
          <reporter-output>
          </reporter-output>
        </test-method> <!-- tearDown -->
        <test-method is-config="true" signature="setUp()[pri:0, instance:com.tests.LoginTest@2cb4893b]" started-at="2024-09-16T20:42:58 IST" name="setUp" finished-at="2024-09-16T20:43:03 IST" duration-ms="5233" status="PASS">
          <reporter-output>
          </reporter-output>
        </test-method> <!-- setUp -->
        <test-method signature="LoginCheck(java.lang.String,java.lang.String)[pri:0, instance:com.tests.LoginTest@2cb4893b]" started-at="2024-09-16T20:43:03 IST" name="LoginCheck" data-provider="loginDataProvider" finished-at="2024-09-16T20:43:06 IST" duration-ms="2585" status="PASS">
          <params>
            <param index="0">
              <value>
                <![CDATA[dcgdhc]]>
              </value>
            </param>
            <param index="1">
              <value>
                <![CDATA[pwd]]>
              </value>
            </param>
          </params>
          <reporter-output>
          </reporter-output>
        </test-method> <!-- LoginCheck -->
        <test-method is-config="true" signature="tearDown()[pri:0, instance:com.tests.LoginTest@2cb4893b]" started-at="2024-09-16T20:43:06 IST" name="tearDown" finished-at="2024-09-16T20:43:06 IST" duration-ms="287" status="PASS">
          <reporter-output>
          </reporter-output>
        </test-method> <!-- tearDown -->
      </class> <!-- com.tests.LoginTest -->
    </test> <!-- Default test -->
  </suite> <!-- Default suite -->
</testng-results>
