<?xml version="1.0" encoding="UTF-8"?>
<testng-results ignored="0" total="3" passed="3" failed="0" skipped="0">
  <reporter-output>
  </reporter-output>
  <suite started-at="2024-09-11T13:07:25 IST" name="ParallelTestSuite" finished-at="2024-09-11T13:07:42 IST" duration-ms="16806">
    <groups>
    </groups>
    <test started-at="2024-09-11T13:07:25 IST" name="MyTests" finished-at="2024-09-11T13:07:42 IST" duration-ms="16806">
      <class name="com.tests.LoginTest">
        <test-method is-config="true" signature="setUp()[pri:0, instance:com.tests.LoginTest@d737b89]" started-at="2024-09-11T13:07:25 IST" name="setUp" finished-at="2024-09-11T13:07:40 IST" duration-ms="14630" status="PASS">
          <reporter-output>
          </reporter-output>
        </test-method> <!-- setUp -->
        <test-method signature="LoginWithValidCredential()[pri:0, instance:com.tests.LoginTest@d737b89]" started-at="2024-09-11T13:07:40 IST" name="LoginWithValidCredential" finished-at="2024-09-11T13:07:41 IST" duration-ms="1582" status="PASS">
          <reporter-output>
          </reporter-output>
        </test-method> <!-- LoginWithValidCredential -->
        <test-method is-config="true" signature="tearDown()[pri:0, instance:com.tests.LoginTest@d737b89]" started-at="2024-09-11T13:07:41 IST" name="tearDown" finished-at="2024-09-11T13:07:42 IST" duration-ms="351" status="PASS">
          <reporter-output>
          </reporter-output>
        </test-method> <!-- tearDown -->
      </class> <!-- com.tests.LoginTest -->
      <class name="com.practice.NewTest">
        <test-method signature="removeButtonValidation_2()[pri:0, instance:com.practice.NewTest@19e4653c]" started-at="2024-09-11T13:07:25 IST" name="removeButtonValidation_2" finished-at="2024-09-11T13:07:40 IST" duration-ms="15155" status="PASS">
          <reporter-output>
          </reporter-output>
        </test-method> <!-- removeButtonValidation_2 -->
        <test-method signature="removeButtonValidation_1()[pri:0, instance:com.practice.NewTest@19e4653c]" started-at="2024-09-11T13:07:25 IST" name="removeButtonValidation_1" finished-at="2024-09-11T13:07:42 IST" duration-ms="16683" status="PASS">
          <reporter-output>
          </reporter-output>
        </test-method> <!-- removeButtonValidation_1 -->
      </class> <!-- com.practice.NewTest -->
    </test> <!-- MyTests -->
  </suite> <!-- ParallelTestSuite -->
</testng-results>
